<html>
<head>
<title>TestNG:  DemoQARegression</title>
<link href="../testng.css" rel="stylesheet" type="text/css" />
<link href="../my-testng.css" rel="stylesheet" type="text/css" />

<style type="text/css">
.log { display: none;} 
.stack-trace { display: none;} 
</style>
<script type="text/javascript">
<!--
function flip(e) {
  current = e.style.display;
  if (current == 'block') {
    e.style.display = 'none';
    return 0;
  }
  else {
    e.style.display = 'block';
    return 1;
  }
}

function toggleBox(szDivId, elem, msg1, msg2)
{
  var res = -1;  if (document.getElementById) {
    res = flip(document.getElementById(szDivId));
  }
  else if (document.all) {
    // this is the way old msie versions work
    res = flip(document.all[szDivId]);
  }
  if(elem) {
    if(res == 0) elem.innerHTML = msg1; else elem.innerHTML = msg2;
  }

}

function toggleAllBoxes() {
  if (document.getElementsByTagName) {
    d = document.getElementsByTagName('div');
    for (i = 0; i < d.length; i++) {
      if (d[i].className == 'log') {
        flip(d[i]);
      }
    }
  }
}

// -->
</script>

</head>
<body>
<h2 align='center'>DemoQARegression</h2><table border='1' align="center">
<tr>
<td>Tests passed/Failed/Skipped:</td><td>5/1/0</td>
</tr><tr>
<td>Started on:</td><td>Tue May 07 19:34:17 IST 2024</td>
</tr>
<tr><td>Total time:</td><td>365 seconds (365115 ms)</td>
</tr><tr>
<td>Included groups:</td><td></td>
</tr><tr>
<td>Excluded groups:</td><td></td>
</tr>
</table><p/>
<small><i>(Hover the method name to see the test class name)</i></small><p/>
<table width='100%' border='1' class='invocation-failed'>
<tr><td colspan='4' align='center'><b>FAILED TESTS</b></td></tr>
<tr><td><b>Test method</b></td>
<td><b>Attribute(s)</b></td>
<td width="30%"><b>Exception</b></td>
<td width="10%"><b>Time (seconds)</b></td>
<td><b>Instance</b></td>
</tr>
<tr>
<td title='TestRunner.Runner.runScenario()'><b>runScenario</b><br>Test class: TestRunner.Runner<br>Test method: Runs Cucumber Scenarios<br>Parameters: "Validate the Buttons component under Elements Tile", "Buttons_Element"</td>
<td><div><pre>java.lang.AssertionError: FAILED | Output of double click action is mismatched expected [] but found [You have done a double click]
	at StepDefinitions.ButtonsFeature_StepDefinitions.user_perform_double_click_action_on_double_click_me_button_and_verify_the_result(ButtonsFeature_StepDefinitions.java:22)
	at ✽.User perform double click action on Double Click Me button and verify the Result &quot;You have done a double click&quot;(file:///D:/Automation2k24/DEMOQA_CucumberBDD/./Features/ButtonsFeature.feature:11)
... Removed 5 stack frames</pre></div><a href='#' onClick='toggleBox("stack-trace527658240", this, "Click to show all stack frames", "Click to hide stack frames")'>Click to show all stack frames</a>
<div class='stack-trace' id='stack-trace527658240'><pre>java.lang.AssertionError: FAILED | Output of double click action is mismatched expected [] but found [You have done a double click]
	at org.testng.Assert.fail(Assert.java:111)
	at org.testng.Assert.failNotEquals(Assert.java:1578)
	at org.testng.Assert.assertEqualsImpl(Assert.java:150)
	at org.testng.Assert.assertEquals(Assert.java:132)
	at org.testng.Assert.assertEquals(Assert.java:656)
	at StepDefinitions.ButtonsFeature_StepDefinitions.user_perform_double_click_action_on_double_click_me_button_and_verify_the_result(ButtonsFeature_StepDefinitions.java:22)
	at ✽.User perform double click action on Double Click Me button and verify the Result &quot;You have done a double click&quot;(file:///D:/Automation2k24/DEMOQA_CucumberBDD/./Features/ButtonsFeature.feature:11)
</pre></div></td>
<td>87</td>
<td>TestRunner.Runner@9ebe38b</td></tr>
</table><p>
<table width='100%' border='1' class='invocation-passed'>
<tr><td colspan='4' align='center'><b>PASSED TESTS</b></td></tr>
<tr><td><b>Test method</b></td>
<td><b>Attribute(s)</b></td>
<td width="30%"><b>Exception</b></td>
<td width="10%"><b>Time (seconds)</b></td>
<td><b>Instance</b></td>
</tr>
<tr>
<td title='TestRunner.Runner.runScenario()'><b>runScenario</b><br>Test class: TestRunner.Runner<br>Test method: Runs Cucumber Scenarios<br>Parameters: "Validate the CheckBoxes component under Elements Tile", "CheckBoxes_Element"</td>
<td></td>
<td>27</td>
<td>TestRunner.Runner@9ebe38b</td></tr>
<tr>
<td title='TestRunner.Runner.runScenario()'><b>runScenario</b><br>Test class: TestRunner.Runner<br>Test method: Runs Cucumber Scenarios<br>Parameters: "Validate the WebTables component under Elements Tile", "WebTables_Element"</td>
<td></td>
<td>71</td>
<td>TestRunner.Runner@9ebe38b</td></tr>
<tr>
<td title='TestRunner.Runner.runScenario()'><b>runScenario</b><br>Test class: TestRunner.Runner<br>Test method: Runs Cucumber Scenarios<br>Parameters: "Validate the Links component under Elements Tile", "Links_Element"</td>
<td></td>
<td>84</td>
<td>TestRunner.Runner@9ebe38b</td></tr>
<tr>
<td title='TestRunner.Runner.runScenario()'><b>runScenario</b><br>Test class: TestRunner.Runner<br>Test method: Runs Cucumber Scenarios<br>Parameters: "Validate the Radio buttons component under Elements Tile", "RadioButtons_Element"</td>
<td></td>
<td>26</td>
<td>TestRunner.Runner@9ebe38b</td></tr>
<tr>
<td title='TestRunner.Runner.runScenario()'><b>runScenario</b><br>Test class: TestRunner.Runner<br>Test method: Runs Cucumber Scenarios<br>Parameters: "Validate the TextBoxes component under Elements Tile", "TextBoxes_Element"</td>
<td></td>
<td>67</td>
<td>TestRunner.Runner@9ebe38b</td></tr>
</table><p>
</body>
</html>